This file contains any messages produced by compilers while
running configure, to aid debugging if configure makes a mistake.

It was created by ce-tddft configure 5.0svn, which was
generated by GNU Autoconf 2.59.  Invocation command line was

  $ ./configure 

## --------- ##
## Platform. ##
## --------- ##

hostname = master.beowulf.stanford.edu
uname -m = x86_64
uname -r = 2.6.18-194.26.1.el5
uname -s = Linux
uname -v = #1 SMP Tue Nov 9 12:54:20 EST 2010

/usr/bin/uname -p = unknown
/bin/uname -X     = unknown

/bin/arch              = x86_64
/usr/bin/arch -k       = unknown
/usr/convex/getsysinfo = unknown
hostinfo               = unknown
/bin/machine           = unknown
/usr/bin/oslevel       = unknown
/bin/universe          = unknown

PATH: /opt/open-mpi/tcp-intel11/bin
PATH: /opt/intel/fce/11.1.038/bin/intel64
PATH: /opt/torque/bin
PATH: /usr/lib64/qt-3.3/bin
PATH: /opt/pgi/linux86-64/9.0/bin
PATH: /opt/bin
PATH: /usr/kerberos/bin
PATH: /opt/sun/java/jdk/1.6/x86_64/bin
PATH: /opt/intel/idbe/9/bin
PATH: /opt/intel/fce/9/bin
PATH: /opt/intel/cce/9/bin
PATH: /usr/lib64/ccache
PATH: /usr/local/bin
PATH: /bin
PATH: /usr/bin
PATH: /usr/NX/bin
PATH: /opt/real/RealPlayer
PATH: /home/rehnd/bin


## ----------- ##
## Core tests. ##
## ----------- ##

configure:1260: checking for /make.sys
configure:1275: result: no
configure:1280: error: Cannot find make.sys in 

## ---------------- ##
## Cache variables. ##
## ---------------- ##

ac_cv_env_build_alias_set=
ac_cv_env_build_alias_value=
ac_cv_env_host_alias_set=
ac_cv_env_host_alias_value=
ac_cv_env_target_alias_set=
ac_cv_env_target_alias_value=
ac_cv_file__make_sys=no

## ----------------- ##
## Output variables. ##
## ----------------- ##

DEFS=''
ECHO_C=''
ECHO_N='-n'
ECHO_T=''
LIBOBJS=''
LIBS=''
LTLIBOBJS=''
PACKAGE_BUGREPORT='dceresoli@gmail.com'
PACKAGE_NAME='ce-tddft'
PACKAGE_STRING='ce-tddft 5.0svn'
PACKAGE_TARNAME='ce-tddft'
PACKAGE_VERSION='5.0svn'
PATH_SEPARATOR=':'
SHELL='/bin/sh'
bindir='${exec_prefix}/bin'
build_alias=''
datadir='${prefix}/share'
dflags_tddft=''
exec_prefix='NONE'
host_alias=''
includedir='${prefix}/include'
infodir='${prefix}/info'
libdir='${exec_prefix}/lib'
libexecdir='${exec_prefix}/libexec'
localstatedir='${prefix}/var'
mandir='${prefix}/man'
oldincludedir='/usr/include'
prefix='NONE'
program_transform_name='s,x,x,'
qe_source=''
sbindir='${exec_prefix}/sbin'
sharedstatedir='${prefix}/com'
sysconfdir='${prefix}/etc'
target_alias=''

## ----------- ##
## confdefs.h. ##
## ----------- ##

#define PACKAGE_BUGREPORT "dceresoli@gmail.com"
#define PACKAGE_NAME "ce-tddft"
#define PACKAGE_STRING "ce-tddft 5.0svn"
#define PACKAGE_TARNAME "ce-tddft"
#define PACKAGE_VERSION "5.0svn"

configure: exit 1
