This file contains any messages produced by compilers while
running configure, to aid debugging if configure makes a mistake.

It was created by ESPRESSO configure 5.2.0, which was
generated by GNU Autoconf 2.63.  Invocation command line was

  $ ./install/configure 

## --------- ##
## Platform. ##
## --------- ##

hostname = master.beowulf.stanford.edu
uname -m = x86_64
uname -r = 2.6.18-194.26.1.el5
uname -s = Linux
uname -v = #1 SMP Tue Nov 9 12:54:20 EST 2010

/usr/bin/uname -p = unknown
/bin/uname -X     = unknown

/bin/arch              = x86_64
/usr/bin/arch -k       = unknown
/usr/convex/getsysinfo = unknown
/usr/bin/hostinfo      = unknown
/bin/machine           = unknown
/usr/bin/oslevel       = unknown
/bin/universe          = unknown

PATH: /opt/open-mpi/tcp-intel11/bin
PATH: /opt/intel/fce/11.1.038/bin/intel64
PATH: /opt/torque/bin
PATH: /usr/lib64/qt-3.3/bin
PATH: /opt/pgi/linux86-64/9.0/bin
PATH: /opt/bin
PATH: /usr/kerberos/bin
PATH: /opt/sun/java/jdk/1.6/x86_64/bin
PATH: /opt/intel/idbe/9/bin
PATH: /opt/intel/fce/9/bin
PATH: /opt/intel/cce/9/bin
PATH: /usr/lib64/ccache
PATH: /usr/local/bin
PATH: /bin
PATH: /usr/bin
PATH: /usr/NX/bin
PATH: /opt/real/RealPlayer
PATH: /home/rehnd/bin


## ----------- ##
## Core tests. ##
## ----------- ##

configure:2125: checking build system type
configure:2143: result: x86_64-unknown-linux-gnu
configure:2420: checking for Fortran compiler version
configure:2428: gfortran --version >&5
GNU Fortran (GCC) 4.1.2 20080704 (Red Hat 4.1.2-48)
Copyright (C) 2007 Free Software Foundation, Inc.

GNU Fortran comes with NO WARRANTY, to the extent permitted by law.
You may redistribute copies of GNU Fortran
under the terms of the GNU General Public License.
For more information about these matters, see the file named COPYING

configure:2432: $? = 0
configure:2439: gfortran -v >&5
Using built-in specs.
Target: x86_64-redhat-linux
Configured with: ../configure --prefix=/usr --mandir=/usr/share/man --infodir=/usr/share/info --enable-shared --enable-threads=posix --enable-checking=release --with-system-zlib --enable-__cxa_atexit --disable-libunwind-exceptions --enable-libgcj-multifile --enable-languages=c,c++,objc,obj-c++,java,fortran,ada --enable-java-awt=gtk --disable-dssi --enable-plugin --with-java-home=/usr/lib/jvm/java-1.4.2-gcj-1.4.2.0/jre --with-cpu=generic --host=x86_64-redhat-linux
Thread model: posix
gcc version 4.1.2 20080704 (Red Hat 4.1.2-48)
configure:2443: $? = 0
configure:2450: gfortran -V >&5
gfortran: '-V' option must have argument
configure:2454: $? = 1
configure:2468: checking for Fortran compiler default output file name
configure:2490: gfortran    conftest.f  >&5
configure:2494: $? = 0
configure:2532: result: a.out
configure:2551: checking whether the Fortran compiler works
configure:2584: result: yes
configure:2591: checking whether we are cross compiling
configure:2593: result: yes
configure:2596: checking for suffix of executables
configure:2603: gfortran -o conftest    conftest.f  >&5
configure:2607: $? = 0
configure:2633: result: 
configure:2639: checking for suffix of object files
configure:2655: gfortran -c   conftest.f >&5
configure:2659: $? = 0
configure:2684: result: o
configure:2692: checking whether we are using the GNU Fortran compiler
configure:2711: gfortran -c   conftest.F >&5
configure:2718: $? = 0
configure:2735: result: yes
configure:2741: checking whether gfortran accepts -g
configure:2758: gfortran -c -g  conftest.f >&5
configure:2765: $? = 0
configure:2781: result: yes
configure:2811: checking for Fortran flag to compile .f90 files
configure:2833: gfortran -c -g -O2  conftest.f90 >&5
configure:2840: $? = 0
configure:2859: result: none
configure:2946: checking for mpif90
configure:2962: found /opt/open-mpi/tcp-intel11/bin/mpif90
configure:2973: result: mpif90
configure:2989: WARNING: using cross tools not prefixed with host triplet
configure:2999: checking for Fortran compiler version
configure:3007: mpif90 --version >&5
ifort (IFORT) 11.1 20090511
Copyright (C) 1985-2009 Intel Corporation.  All rights reserved.

configure:3011: $? = 0
configure:3018: mpif90 -v >&5
Version 11.1 
configure:3022: $? = 0
configure:3029: mpif90 -V >&5
Intel(R) Fortran Intel(R) 64 Compiler Professional for applications running on Intel(R) 64, Version 11.1    Build 20090511 Package ID: l_cprof_p_11.1.038
Copyright (C) 1985-2009 Intel Corporation.  All rights reserved.

configure:3033: $? = 0
configure:3041: checking whether we are using the GNU Fortran compiler
configure:3060: mpif90 -c -g -O2  conftest.F >&5
conftest.F(3): error #5082: Syntax error, found END-OF-STATEMENT when expecting one of: ( %% : . = =>
       choke me
---------------^
conftest.F(3): error #6218: This statement is positioned incorrectly and/or has syntax errors.
       choke me
---------------^
compilation aborted for conftest.F (code 1)
configure:3067: $? = 1
configure: failed program was:
|       program main
| #ifndef __GNUC__
|        choke me
| #endif
| 
|       end
configure:3084: result: no
configure:3090: checking whether mpif90 accepts -g
configure:3107: mpif90 -c -g  conftest.f90 >&5
configure:3114: $? = 0
configure:3130: result: yes
configure:3510: WARNING: parallel compiler mpif90 uses ifort, but serial compiler gfortran was detected
configure:3512: WARNING: assuming F90=ifort, discarding gfortran
configure:3730: checking for C compiler version
configure:3738: gcc --version >&5
gcc (GCC) 4.1.2 20080704 (Red Hat 4.1.2-48)
Copyright (C) 2006 Free Software Foundation, Inc.
This is free software; see the source for copying conditions.  There is NO
warranty; not even for MERCHANTABILITY or FITNESS FOR A PARTICULAR PURPOSE.

configure:3742: $? = 0
configure:3749: gcc -v >&5
Using built-in specs.
Target: x86_64-redhat-linux
Configured with: ../configure --prefix=/usr --mandir=/usr/share/man --infodir=/usr/share/info --enable-shared --enable-threads=posix --enable-checking=release --with-system-zlib --enable-__cxa_atexit --disable-libunwind-exceptions --enable-libgcj-multifile --enable-languages=c,c++,objc,obj-c++,java,fortran,ada --enable-java-awt=gtk --disable-dssi --enable-plugin --with-java-home=/usr/lib/jvm/java-1.4.2-gcj-1.4.2.0/jre --with-cpu=generic --host=x86_64-redhat-linux
Thread model: posix
gcc version 4.1.2 20080704 (Red Hat 4.1.2-48)
configure:3753: $? = 0
configure:3760: gcc -V >&5
gcc: '-V' option must have argument
configure:3764: $? = 1
configure:3767: checking whether we are using the GNU C compiler
configure:3796: gcc -c   conftest.c >&5
configure:3803: $? = 0
configure:3820: result: yes
configure:3829: checking whether gcc accepts -g
configure:3859: gcc -c -g  conftest.c >&5
configure:3866: $? = 0
configure:3967: result: yes
configure:3984: checking for gcc option to accept ISO C89
configure:4058: gcc  -c -g -O2  conftest.c >&5
configure:4065: $? = 0
configure:4088: result: none needed
configure:4119: checking how to run the C preprocessor
configure:4159: gcc -E  conftest.c
configure:4166: $? = 0
configure:4197: gcc -E  conftest.c
conftest.c:8:28: error: ac_nonexistent.h: No such file or directory
configure:4204: $? = 1
configure: failed program was:
| /* confdefs.h.  */
| #define PACKAGE_NAME "ESPRESSO"
| #define PACKAGE_TARNAME "espresso"
| #define PACKAGE_VERSION "5.2.0"
| #define PACKAGE_STRING "ESPRESSO 5.2.0"
| #define PACKAGE_BUGREPORT ""
| /* end confdefs.h.  */
| #include <ac_nonexistent.h>
configure:4237: result: gcc -E
configure:4266: gcc -E  conftest.c
configure:4273: $? = 0
configure:4304: gcc -E  conftest.c
conftest.c:8:28: error: ac_nonexistent.h: No such file or directory
configure:4311: $? = 1
configure: failed program was:
| /* confdefs.h.  */
| #define PACKAGE_NAME "ESPRESSO"
| #define PACKAGE_TARNAME "espresso"
| #define PACKAGE_VERSION "5.2.0"
| #define PACKAGE_STRING "ESPRESSO 5.2.0"
| #define PACKAGE_BUGREPORT ""
| /* end confdefs.h.  */
| #include <ac_nonexistent.h>
configure:4351: checking for grep that handles long lines and -e
configure:4411: result: /bin/grep
configure:4416: checking for egrep
configure:4480: result: /bin/grep -E
configure:4485: checking for ANSI C header files
configure:4515: gcc -c -g -O2  conftest.c >&5
configure:4522: $? = 0
configure:4653: result: yes
configure:4677: checking for sys/types.h
configure:4698: gcc -c -g -O2  conftest.c >&5
configure:4705: $? = 0
configure:4722: result: yes
configure:4677: checking for sys/stat.h
configure:4698: gcc -c -g -O2  conftest.c >&5
configure:4705: $? = 0
configure:4722: result: yes
configure:4677: checking for stdlib.h
configure:4698: gcc -c -g -O2  conftest.c >&5
configure:4705: $? = 0
configure:4722: result: yes
configure:4677: checking for string.h
configure:4698: gcc -c -g -O2  conftest.c >&5
configure:4705: $? = 0
configure:4722: result: yes
configure:4677: checking for memory.h
configure:4698: gcc -c -g -O2  conftest.c >&5
configure:4705: $? = 0
configure:4722: result: yes
configure:4677: checking for strings.h
configure:4698: gcc -c -g -O2  conftest.c >&5
configure:4705: $? = 0
configure:4722: result: yes
configure:4677: checking for inttypes.h
configure:4698: gcc -c -g -O2  conftest.c >&5
configure:4705: $? = 0
configure:4722: result: yes
configure:4677: checking for stdint.h
configure:4698: gcc -c -g -O2  conftest.c >&5
configure:4705: $? = 0
configure:4722: result: yes
configure:4677: checking for unistd.h
configure:4698: gcc -c -g -O2  conftest.c >&5
configure:4705: $? = 0
configure:4722: result: yes
configure:4740: checking size of int *
configure:4770: gcc -c -g -O2  conftest.c >&5
configure:4777: $? = 0
configure:4807: gcc -c -g -O2  conftest.c >&5
conftest.c: In function 'main':
conftest.c:54: error: size of array 'test_array' is negative
configure:4814: $? = 1
configure: failed program was:
| /* confdefs.h.  */
| #define PACKAGE_NAME "ESPRESSO"
| #define PACKAGE_TARNAME "espresso"
| #define PACKAGE_VERSION "5.2.0"
| #define PACKAGE_STRING "ESPRESSO 5.2.0"
| #define PACKAGE_BUGREPORT ""
| #define STDC_HEADERS 1
| #define HAVE_SYS_TYPES_H 1
| #define HAVE_SYS_STAT_H 1
| #define HAVE_STDLIB_H 1
| #define HAVE_STRING_H 1
| #define HAVE_MEMORY_H 1
| #define HAVE_STRINGS_H 1
| #define HAVE_INTTYPES_H 1
| #define HAVE_STDINT_H 1
| #define HAVE_UNISTD_H 1
| /* end confdefs.h.  */
| #include <stdio.h>
| #ifdef HAVE_SYS_TYPES_H
| # include <sys/types.h>
| #endif
| #ifdef HAVE_SYS_STAT_H
| # include <sys/stat.h>
| #endif
| #ifdef STDC_HEADERS
| # include <stdlib.h>
| # include <stddef.h>
| #else
| # ifdef HAVE_STDLIB_H
| #  include <stdlib.h>
| # endif
| #endif
| #ifdef HAVE_STRING_H
| # if !defined STDC_HEADERS && defined HAVE_MEMORY_H
| #  include <memory.h>
| # endif
| # include <string.h>
| #endif
| #ifdef HAVE_STRINGS_H
| # include <strings.h>
| #endif
| #ifdef HAVE_INTTYPES_H
| # include <inttypes.h>
| #endif
| #ifdef HAVE_STDINT_H
| # include <stdint.h>
| #endif
| #ifdef HAVE_UNISTD_H
| # include <unistd.h>
| #endif
| int
| main ()
| {
| static int test_array [1 - 2 * !(((long int) (sizeof (int *))) <= 0)];
| test_array [0] = 0
| 
|   ;
|   return 0;
| }
configure:4807: gcc -c -g -O2  conftest.c >&5
conftest.c: In function 'main':
conftest.c:54: error: size of array 'test_array' is negative
configure:4814: $? = 1
configure: failed program was:
| /* confdefs.h.  */
| #define PACKAGE_NAME "ESPRESSO"
| #define PACKAGE_TARNAME "espresso"
| #define PACKAGE_VERSION "5.2.0"
| #define PACKAGE_STRING "ESPRESSO 5.2.0"
| #define PACKAGE_BUGREPORT ""
| #define STDC_HEADERS 1
| #define HAVE_SYS_TYPES_H 1
| #define HAVE_SYS_STAT_H 1
| #define HAVE_STDLIB_H 1
| #define HAVE_STRING_H 1
| #define HAVE_MEMORY_H 1
| #define HAVE_STRINGS_H 1
| #define HAVE_INTTYPES_H 1
| #define HAVE_STDINT_H 1
| #define HAVE_UNISTD_H 1
| /* end confdefs.h.  */
| #include <stdio.h>
| #ifdef HAVE_SYS_TYPES_H
| # include <sys/types.h>
| #endif
| #ifdef HAVE_SYS_STAT_H
| # include <sys/stat.h>
| #endif
| #ifdef STDC_HEADERS
| # include <stdlib.h>
| # include <stddef.h>
| #else
| # ifdef HAVE_STDLIB_H
| #  include <stdlib.h>
| # endif
| #endif
| #ifdef HAVE_STRING_H
| # if !defined STDC_HEADERS && defined HAVE_MEMORY_H
| #  include <memory.h>
| # endif
| # include <string.h>
| #endif
| #ifdef HAVE_STRINGS_H
| # include <strings.h>
| #endif
| #ifdef HAVE_INTTYPES_H
| # include <inttypes.h>
| #endif
| #ifdef HAVE_STDINT_H
| # include <stdint.h>
| #endif
| #ifdef HAVE_UNISTD_H
| # include <unistd.h>
| #endif
| int
| main ()
| {
| static int test_array [1 - 2 * !(((long int) (sizeof (int *))) <= 1)];
| test_array [0] = 0
| 
|   ;
|   return 0;
| }
configure:4807: gcc -c -g -O2  conftest.c >&5
conftest.c: In function 'main':
conftest.c:54: error: size of array 'test_array' is negative
configure:4814: $? = 1
configure: failed program was:
| /* confdefs.h.  */
| #define PACKAGE_NAME "ESPRESSO"
| #define PACKAGE_TARNAME "espresso"
| #define PACKAGE_VERSION "5.2.0"
| #define PACKAGE_STRING "ESPRESSO 5.2.0"
| #define PACKAGE_BUGREPORT ""
| #define STDC_HEADERS 1
| #define HAVE_SYS_TYPES_H 1
| #define HAVE_SYS_STAT_H 1
| #define HAVE_STDLIB_H 1
| #define HAVE_STRING_H 1
| #define HAVE_MEMORY_H 1
| #define HAVE_STRINGS_H 1
| #define HAVE_INTTYPES_H 1
| #define HAVE_STDINT_H 1
| #define HAVE_UNISTD_H 1
| /* end confdefs.h.  */
| #include <stdio.h>
| #ifdef HAVE_SYS_TYPES_H
| # include <sys/types.h>
| #endif
| #ifdef HAVE_SYS_STAT_H
| # include <sys/stat.h>
| #endif
| #ifdef STDC_HEADERS
| # include <stdlib.h>
| # include <stddef.h>
| #else
| # ifdef HAVE_STDLIB_H
| #  include <stdlib.h>
| # endif
| #endif
| #ifdef HAVE_STRING_H
| # if !defined STDC_HEADERS && defined HAVE_MEMORY_H
| #  include <memory.h>
| # endif
| # include <string.h>
| #endif
| #ifdef HAVE_STRINGS_H
| # include <strings.h>
| #endif
| #ifdef HAVE_INTTYPES_H
| # include <inttypes.h>
| #endif
| #ifdef HAVE_STDINT_H
| # include <stdint.h>
| #endif
| #ifdef HAVE_UNISTD_H
| # include <unistd.h>
| #endif
| int
| main ()
| {
| static int test_array [1 - 2 * !(((long int) (sizeof (int *))) <= 3)];
| test_array [0] = 0
| 
|   ;
|   return 0;
| }
configure:4807: gcc -c -g -O2  conftest.c >&5
conftest.c: In function 'main':
conftest.c:54: error: size of array 'test_array' is negative
configure:4814: $? = 1
configure: failed program was:
| /* confdefs.h.  */
| #define PACKAGE_NAME "ESPRESSO"
| #define PACKAGE_TARNAME "espresso"
| #define PACKAGE_VERSION "5.2.0"
| #define PACKAGE_STRING "ESPRESSO 5.2.0"
| #define PACKAGE_BUGREPORT ""
| #define STDC_HEADERS 1
| #define HAVE_SYS_TYPES_H 1
| #define HAVE_SYS_STAT_H 1
| #define HAVE_STDLIB_H 1
| #define HAVE_STRING_H 1
| #define HAVE_MEMORY_H 1
| #define HAVE_STRINGS_H 1
| #define HAVE_INTTYPES_H 1
| #define HAVE_STDINT_H 1
| #define HAVE_UNISTD_H 1
| /* end confdefs.h.  */
| #include <stdio.h>
| #ifdef HAVE_SYS_TYPES_H
| # include <sys/types.h>
| #endif
| #ifdef HAVE_SYS_STAT_H
| # include <sys/stat.h>
| #endif
| #ifdef STDC_HEADERS
| # include <stdlib.h>
| # include <stddef.h>
| #else
| # ifdef HAVE_STDLIB_H
| #  include <stdlib.h>
| # endif
| #endif
| #ifdef HAVE_STRING_H
| # if !defined STDC_HEADERS && defined HAVE_MEMORY_H
| #  include <memory.h>
| # endif
| # include <string.h>
| #endif
| #ifdef HAVE_STRINGS_H
| # include <strings.h>
| #endif
| #ifdef HAVE_INTTYPES_H
| # include <inttypes.h>
| #endif
| #ifdef HAVE_STDINT_H
| # include <stdint.h>
| #endif
| #ifdef HAVE_UNISTD_H
| # include <unistd.h>
| #endif
| int
| main ()
| {
| static int test_array [1 - 2 * !(((long int) (sizeof (int *))) <= 7)];
| test_array [0] = 0
| 
|   ;
|   return 0;
| }
configure:4807: gcc -c -g -O2  conftest.c >&5
configure:4814: $? = 0
configure:4962: gcc -c -g -O2  conftest.c >&5
configure:4969: $? = 0
configure:4962: gcc -c -g -O2  conftest.c >&5
configure:4969: $? = 0
configure:4962: gcc -c -g -O2  conftest.c >&5
configure:4969: $? = 0
configure:5085: result: 8
configure:5111: checking malloc.h usability
configure:5128: gcc -c -g -O2  conftest.c >&5
configure:5135: $? = 0
configure:5149: result: yes
configure:5153: checking malloc.h presence
configure:5168: gcc -E  conftest.c
configure:5175: $? = 0
configure:5189: result: yes
configure:5217: checking for malloc.h
configure:5224: result: yes
configure:5237: checking for struct mallinfo.arena
configure:5266: gcc -c -g -O2  conftest.c >&5
configure:5273: $? = 0
configure:5332: result: yes
configure:5452: checking for Fortran 77 compiler version
configure:5460: gfortran --version >&5
GNU Fortran (GCC) 4.1.2 20080704 (Red Hat 4.1.2-48)
Copyright (C) 2007 Free Software Foundation, Inc.

GNU Fortran comes with NO WARRANTY, to the extent permitted by law.
You may redistribute copies of GNU Fortran
under the terms of the GNU General Public License.
For more information about these matters, see the file named COPYING

configure:5464: $? = 0
configure:5471: gfortran -v >&5
Using built-in specs.
Target: x86_64-redhat-linux
Configured with: ../configure --prefix=/usr --mandir=/usr/share/man --infodir=/usr/share/info --enable-shared --enable-threads=posix --enable-checking=release --with-system-zlib --enable-__cxa_atexit --disable-libunwind-exceptions --enable-libgcj-multifile --enable-languages=c,c++,objc,obj-c++,java,fortran,ada --enable-java-awt=gtk --disable-dssi --enable-plugin --with-java-home=/usr/lib/jvm/java-1.4.2-gcj-1.4.2.0/jre --with-cpu=generic --host=x86_64-redhat-linux
Thread model: posix
gcc version 4.1.2 20080704 (Red Hat 4.1.2-48)
configure:5475: $? = 0
configure:5482: gfortran -V >&5
gfortran: '-V' option must have argument
configure:5486: $? = 1
configure:5494: checking whether we are using the GNU Fortran 77 compiler
configure:5513: gfortran -c  conftest.F >&5
configure:5520: $? = 0
configure:5537: result: yes
configure:5543: checking whether gfortran accepts -g
configure:5560: gfortran -c -g conftest.f >&5
configure:5567: $? = 0
configure:5583: result: yes
configure:5951: checking whether make sets $(MAKE)
configure:5973: result: yes
configure:6014: checking how to get verbose linking output from gfortran
configure:6030: gfortran -c -g -O2 conftest.f >&5
configure:6037: $? = 0
configure:6059: gfortran -o conftest -g -O2 -v conftest.f
Using built-in specs.
Target: x86_64-redhat-linux
Configured with: ../configure --prefix=/usr --mandir=/usr/share/man --infodir=/usr/share/info --enable-shared --enable-threads=posix --enable-checking=release --with-system-zlib --enable-__cxa_atexit --disable-libunwind-exceptions --enable-libgcj-multifile --enable-languages=c,c++,objc,obj-c++,java,fortran,ada --enable-java-awt=gtk --disable-dssi --enable-plugin --with-java-home=/usr/lib/jvm/java-1.4.2-gcj-1.4.2.0/jre --with-cpu=generic --host=x86_64-redhat-linux
Thread model: posix
gcc version 4.1.2 20080704 (Red Hat 4.1.2-48)
 /usr/libexec/gcc/x86_64-redhat-linux/4.1.2/f951 conftest.f -ffixed-form -quiet -dumpbase conftest.f -mtune=generic -auxbase conftest -g -O2 -version -I /usr/lib/gcc/x86_64-redhat-linux/4.1.2/finclude -o /tmp/ccPIPuQL.s
GNU F95 version 4.1.2 20080704 (Red Hat 4.1.2-48) (x86_64-redhat-linux)
	compiled by GNU C version 4.1.2 20080704 (Red Hat 4.1.2-48).
GGC heuristics: --param ggc-min-expand=100 --param ggc-min-heapsize=131072
 as -V -Qy -o /tmp/ccChvChr.o /tmp/ccPIPuQL.s
GNU assembler version 2.17.50.0.6-14.el5 (x86_64-redhat-linux) using BFD version 2.17.50.0.6-14.el5 20061020
 /usr/libexec/gcc/x86_64-redhat-linux/4.1.2/collect2 --eh-frame-hdr -m elf_x86_64 --hash-style=gnu -dynamic-linker /lib64/ld-linux-x86-64.so.2 -o conftest /usr/lib/gcc/x86_64-redhat-linux/4.1.2/../../../../lib64/crt1.o /usr/lib/gcc/x86_64-redhat-linux/4.1.2/../../../../lib64/crti.o /usr/lib/gcc/x86_64-redhat-linux/4.1.2/crtbegin.o -L/opt/intel/mkl/10.1.3.027/lib/em64t -L/opt/intel/fce/11.1.038/lib/intel64 -L/opt/intel/fce/11.1.038/mkl/lib/em64t -L/usr/lib/gcc/x86_64-redhat-linux/4.1.2 -L/usr/lib/gcc/x86_64-redhat-linux/4.1.2 -L/usr/lib/gcc/x86_64-redhat-linux/4.1.2/../../../../lib64 -L/lib/../lib64 -L/usr/lib/../lib64 /tmp/ccChvChr.o -lgfortranbegin -lgfortran -lm -lgcc_s -lgcc -lc -lgcc_s -lgcc /usr/lib/gcc/x86_64-redhat-linux/4.1.2/crtend.o /usr/lib/gcc/x86_64-redhat-linux/4.1.2/../../../../lib64/crtn.o
configure:6128: result: -v
configure:6130: checking for Fortran 77 libraries of gfortran
configure:6153: gfortran -o conftest -g -O2 -v conftest.f
Using built-in specs.
Target: x86_64-redhat-linux
Configured with: ../configure --prefix=/usr --mandir=/usr/share/man --infodir=/usr/share/info --enable-shared --enable-threads=posix --enable-checking=release --with-system-zlib --enable-__cxa_atexit --disable-libunwind-exceptions --enable-libgcj-multifile --enable-languages=c,c++,objc,obj-c++,java,fortran,ada --enable-java-awt=gtk --disable-dssi --enable-plugin --with-java-home=/usr/lib/jvm/java-1.4.2-gcj-1.4.2.0/jre --with-cpu=generic --host=x86_64-redhat-linux
Thread model: posix
gcc version 4.1.2 20080704 (Red Hat 4.1.2-48)
 /usr/libexec/gcc/x86_64-redhat-linux/4.1.2/f951 conftest.f -ffixed-form -quiet -dumpbase conftest.f -mtune=generic -auxbase conftest -g -O2 -version -I /usr/lib/gcc/x86_64-redhat-linux/4.1.2/finclude -o /tmp/cch7EMwS.s
GNU F95 version 4.1.2 20080704 (Red Hat 4.1.2-48) (x86_64-redhat-linux)
	compiled by GNU C version 4.1.2 20080704 (Red Hat 4.1.2-48).
GGC heuristics: --param ggc-min-expand=100 --param ggc-min-heapsize=131072
 as -V -Qy -o /tmp/ccQcfLez.o /tmp/cch7EMwS.s
GNU assembler version 2.17.50.0.6-14.el5 (x86_64-redhat-linux) using BFD version 2.17.50.0.6-14.el5 20061020
 /usr/libexec/gcc/x86_64-redhat-linux/4.1.2/collect2 --eh-frame-hdr -m elf_x86_64 --hash-style=gnu -dynamic-linker /lib64/ld-linux-x86-64.so.2 -o conftest /usr/lib/gcc/x86_64-redhat-linux/4.1.2/../../../../lib64/crt1.o /usr/lib/gcc/x86_64-redhat-linux/4.1.2/../../../../lib64/crti.o /usr/lib/gcc/x86_64-redhat-linux/4.1.2/crtbegin.o -L/opt/intel/mkl/10.1.3.027/lib/em64t -L/opt/intel/fce/11.1.038/lib/intel64 -L/opt/intel/fce/11.1.038/mkl/lib/em64t -L/usr/lib/gcc/x86_64-redhat-linux/4.1.2 -L/usr/lib/gcc/x86_64-redhat-linux/4.1.2 -L/usr/lib/gcc/x86_64-redhat-linux/4.1.2/../../../../lib64 -L/lib/../lib64 -L/usr/lib/../lib64 /tmp/ccQcfLez.o -lgfortranbegin -lgfortran -lm -lgcc_s -lgcc -lc -lgcc_s -lgcc /usr/lib/gcc/x86_64-redhat-linux/4.1.2/crtend.o /usr/lib/gcc/x86_64-redhat-linux/4.1.2/../../../../lib64/crtn.o
configure:6330: result:  -L/opt/intel/mkl/10.1.3.027/lib/em64t -L/opt/intel/fce/11.1.038/lib/intel64 -L/opt/intel/fce/11.1.038/mkl/lib/em64t -L/usr/lib/gcc/x86_64-redhat-linux/4.1.2 -L/usr/lib/gcc/x86_64-redhat-linux/4.1.2/../../../../lib64 -L/lib/../lib64 -L/usr/lib/../lib64 -lgfortranbegin -lgfortran -lm
configure:6346: checking for dummy main to link with Fortran 77 libraries
configure:6390: gcc -o conftest -g -O2   conftest.c   -L/opt/intel/mkl/10.1.3.027/lib/em64t -L/opt/intel/fce/11.1.038/lib/intel64 -L/opt/intel/fce/11.1.038/mkl/lib/em64t -L/usr/lib/gcc/x86_64-redhat-linux/4.1.2 -L/usr/lib/gcc/x86_64-redhat-linux/4.1.2/../../../../lib64 -L/lib/../lib64 -L/usr/lib/../lib64 -lgfortranbegin -lgfortran -lm >&5
configure:6397: $? = 0
configure:6485: result: none
configure:6524: checking for Fortran 77 name-mangling scheme
configure:6543: gfortran -c -g -O2 conftest.f >&5
configure:6550: $? = 0
configure:6605: gcc -o conftest -g -O2   conftest.c cfortran_test.o   -L/opt/intel/mkl/10.1.3.027/lib/em64t -L/opt/intel/fce/11.1.038/lib/intel64 -L/opt/intel/fce/11.1.038/mkl/lib/em64t -L/usr/lib/gcc/x86_64-redhat-linux/4.1.2 -L/usr/lib/gcc/x86_64-redhat-linux/4.1.2/../../../../lib64 -L/lib/../lib64 -L/usr/lib/../lib64 -lgfortranbegin -lgfortran -lm >&5
/tmp/cc4puJmU.o: In function `main':
/home/rehnd/espresso/conftest.c:39: undefined reference to `foobar'
collect2: ld returned 1 exit status
configure:6612: $? = 1
configure: failed program was:
| /* confdefs.h.  */
| #define PACKAGE_NAME "ESPRESSO"
| #define PACKAGE_TARNAME "espresso"
| #define PACKAGE_VERSION "5.2.0"
| #define PACKAGE_STRING "ESPRESSO 5.2.0"
| #define PACKAGE_BUGREPORT ""
| #define STDC_HEADERS 1
| #define HAVE_SYS_TYPES_H 1
| #define HAVE_SYS_STAT_H 1
| #define HAVE_STDLIB_H 1
| #define HAVE_STRING_H 1
| #define HAVE_MEMORY_H 1
| #define HAVE_STRINGS_H 1
| #define HAVE_INTTYPES_H 1
| #define HAVE_STDINT_H 1
| #define HAVE_UNISTD_H 1
| #define SIZEOF_INT_P 8
| #define HAVE_MALLINFO 1
| /* end confdefs.h.  */
| 
| /* Override any GCC internal prototype to avoid an error.
|    Use char because int might match the return type of a GCC
|    builtin and then its argument prototype would still apply.  */
| #ifdef __cplusplus
| extern "C"
| #endif
| char foobar ();
| #ifdef F77_DUMMY_MAIN
| 
| #  ifdef __cplusplus
|      extern "C"
| #  endif
|    int F77_DUMMY_MAIN() { return 1; }
| 
| #endif
| int
| main ()
| {
| return foobar ();
|   ;
|   return 0;
| }
configure:6605: gcc -o conftest -g -O2   conftest.c cfortran_test.o   -L/opt/intel/mkl/10.1.3.027/lib/em64t -L/opt/intel/fce/11.1.038/lib/intel64 -L/opt/intel/fce/11.1.038/mkl/lib/em64t -L/usr/lib/gcc/x86_64-redhat-linux/4.1.2 -L/usr/lib/gcc/x86_64-redhat-linux/4.1.2/../../../../lib64 -L/lib/../lib64 -L/usr/lib/../lib64 -lgfortranbegin -lgfortran -lm >&5
configure:6612: $? = 0
configure:6694: gcc -o conftest -g -O2   conftest.c cfortran_test.o   -L/opt/intel/mkl/10.1.3.027/lib/em64t -L/opt/intel/fce/11.1.038/lib/intel64 -L/opt/intel/fce/11.1.038/mkl/lib/em64t -L/usr/lib/gcc/x86_64-redhat-linux/4.1.2 -L/usr/lib/gcc/x86_64-redhat-linux/4.1.2/../../../../lib64 -L/lib/../lib64 -L/usr/lib/../lib64 -lgfortranbegin -lgfortran -lm >&5
configure:6701: $? = 0
configure:6764: result: lower case, underscore, no extra underscore
configure:7953: checking for library containing dgemm
configure:7977: ifort -o conftest -O2 -assume byterecl -g -traceback  -nomodule -static-intel    conftest.f  >&5
/tmp/ifortN5p5Yw.o: In function `main':
/home/rehnd/espresso/conftest.f:2: undefined reference to `dgemm_'
configure:7984: $? = 1
configure: failed program was:
|       program main
|       call dgemm
|       end
configure:7977: ifort -o conftest -O2 -assume byterecl -g -traceback  -nomodule -static-intel    conftest.f -lmkl_intel_lp64 -lmkl_sequential -lmkl_core  >&5
configure:7984: $? = 0
configure:8015: result: -lmkl_intel_lp64
configure:9394: checking for library containing dspev
configure:9418: ifort -o conftest -O2 -assume byterecl -g -traceback  -nomodule -static-intel  conftest.f    -lmkl_intel_lp64  -lmkl_sequential -lmkl_core >&5
configure:9425: $? = 0
configure:9456: result: none required
configure:10489: checking for library containing dfftw_execute_dft
configure:10513: ifort -o conftest -O2 -assume byterecl -g -traceback  -nomodule   conftest.f  >&5
/tmp/ifort3abs5V.o: In function `main':
/home/rehnd/espresso/conftest.f:2: undefined reference to `dfftw_execute_dft_'
configure:10520: $? = 1
configure: failed program was:
|       program main
|       call dfftw_execute_dft
|       end
configure:10513: ifort -o conftest -O2 -assume byterecl -g -traceback  -nomodule   conftest.f -lfftw3 -lm  >&5
configure:10520: $? = 0
configure:10551: result: -lfftw3
configure:10914: checking for library containing mpi_init
configure:10938: mpif90 -o conftest -O2 -assume byterecl -g -traceback  -nomodule  conftest.f  >&5
/opt/intel/cce/11.1/lib/intel64/libimf.so: warning: warning: feupdateenv is not implemented and will always fail
configure:10945: $? = 0
configure:10976: result: none required
configure:10998: checking for library containing mpi_init
configure:11060: result: none required
configure:11074: checking for library containing pdgemr2d
configure:11098: mpif90 -o conftest -O2 -assume byterecl -g -traceback  -nomodule  conftest.f  >&5
/opt/intel/cce/11.1/lib/intel64/libimf.so: warning: warning: feupdateenv is not implemented and will always fail
/tmp/ifortCOOMrp.o: In function `main':
/home/rehnd/espresso/conftest.f:2: undefined reference to `pdgemr2d_'
configure:11105: $? = 1
configure: failed program was:
|       program main
|       call pdgemr2d
|       end
configure:11098: mpif90 -o conftest -O2 -assume byterecl -g -traceback  -nomodule  conftest.f  >&5
/opt/intel/cce/11.1/lib/intel64/libimf.so: warning: warning: feupdateenv is not implemented and will always fail
/tmp/ifortgoWBhy.o: In function `main':
/home/rehnd/espresso/conftest.f:2: undefined reference to `pdgemr2d_'
configure:11105: $? = 1
configure: failed program was:
|       program main
|       call pdgemr2d
|       end
configure:11136: result: no
configure:11172: checking for library containing pdgemr2d
configure:11196: mpif90 -o conftest -O2 -assume byterecl -g -traceback  -nomodule  conftest.f -lmkl_blacs_lp64    -lmkl_intel_lp64  -lmkl_sequential -lmkl_core >&5
/opt/intel/cce/11.1/lib/intel64/libimf.so: warning: warning: feupdateenv is not implemented and will always fail
/tmp/ifortR5VYUB.o: In function `main':
/home/rehnd/espresso/conftest.f:2: undefined reference to `pdgemr2d_'
configure:11203: $? = 1
configure: failed program was:
|       program main
|       call pdgemr2d
|       end
configure:11196: mpif90 -o conftest -O2 -assume byterecl -g -traceback  -nomodule  conftest.f -lmkl_scalapack_lp64  -lmkl_blacs_lp64    -lmkl_intel_lp64  -lmkl_sequential -lmkl_core >&5
/opt/intel/cce/11.1/lib/intel64/libimf.so: warning: warning: feupdateenv is not implemented and will always fail
configure:11203: $? = 0
configure:11234: result: -lmkl_scalapack_lp64
configure:11623: checking for ranlib
configure:11639: found /usr/bin/ranlib
configure:11651: result: ranlib
configure:11672: checking for wget
configure:11688: found /usr/bin/wget
configure:11699: result: wget -O
configure:11949: creating ./config.status

## ---------------------- ##
## Running config.status. ##
## ---------------------- ##

This file was extended by ESPRESSO config.status 5.2.0, which was
generated by GNU Autoconf 2.63.  Invocation command line was

  CONFIG_FILES    = 
  CONFIG_HEADERS  = 
  CONFIG_LINKS    = 
  CONFIG_COMMANDS = 
  $ ./config.status 

on master.beowulf.stanford.edu

config.status:791: creating include/fft_defs.h
config.status:791: creating make.sys
config.status:791: creating configure.msg
config.status:791: creating install/make_wannier90.sys
config.status:791: creating install/make_blas.inc
config.status:791: creating install/make_lapack.inc
config.status:791: creating include/c_defs.h
config.status:995: include/c_defs.h is unchanged

## ---------------- ##
## Cache variables. ##
## ---------------- ##

ac_cv_build=x86_64-unknown-linux-gnu
ac_cv_c_compiler_gnu=yes
ac_cv_env_CC_set=set
ac_cv_env_CC_value=gcc
ac_cv_env_CFLAGS_set=
ac_cv_env_CFLAGS_value=
ac_cv_env_CPPFLAGS_set=
ac_cv_env_CPPFLAGS_value=
ac_cv_env_CPP_set=
ac_cv_env_CPP_value=
ac_cv_env_EXTLIB_FLAGS_set=
ac_cv_env_EXTLIB_FLAGS_value=
ac_cv_env_F77_set=set
ac_cv_env_F77_value=gfortran
ac_cv_env_FCFLAGS_set=
ac_cv_env_FCFLAGS_value=
ac_cv_env_FC_set=set
ac_cv_env_FC_value=gfortran
ac_cv_env_FFLAGS_set=
ac_cv_env_FFLAGS_value=
ac_cv_env_LDFLAGS_set=
ac_cv_env_LDFLAGS_value=
ac_cv_env_LIBS_set=
ac_cv_env_LIBS_value=
ac_cv_env_build_alias_set=
ac_cv_env_build_alias_value=
ac_cv_env_host_alias_set=
ac_cv_env_host_alias_value=
ac_cv_env_target_alias_set=
ac_cv_env_target_alias_value=
ac_cv_f77_compiler_gnu=yes
ac_cv_f77_dummy_main=none
ac_cv_f77_libs=' -L/opt/intel/mkl/10.1.3.027/lib/em64t -L/opt/intel/fce/11.1.038/lib/intel64 -L/opt/intel/fce/11.1.038/mkl/lib/em64t -L/usr/lib/gcc/x86_64-redhat-linux/4.1.2 -L/usr/lib/gcc/x86_64-redhat-linux/4.1.2/../../../../lib64 -L/lib/../lib64 -L/usr/lib/../lib64 -lgfortranbegin -lgfortran -lm'
ac_cv_f77_mangling='lower case, underscore, no extra underscore'
ac_cv_fc_compiler_gnu=no
ac_cv_fc_srcext_f90=none
ac_cv_fortran_dummy_main=none
ac_cv_header_inttypes_h=yes
ac_cv_header_malloc_h=yes
ac_cv_header_memory_h=yes
ac_cv_header_stdc=yes
ac_cv_header_stdint_h=yes
ac_cv_header_stdlib_h=yes
ac_cv_header_string_h=yes
ac_cv_header_strings_h=yes
ac_cv_header_sys_stat_h=yes
ac_cv_header_sys_types_h=yes
ac_cv_header_unistd_h=yes
ac_cv_member_struct_mallinfo_arena=yes
ac_cv_objext=o
ac_cv_path_EGREP='/bin/grep -E'
ac_cv_path_GREP=/bin/grep
ac_cv_prog_CPP='gcc -E'
ac_cv_prog_ac_ct_FC=mpif90
ac_cv_prog_cc_c89=
ac_cv_prog_cc_g=yes
ac_cv_prog_f77_g=yes
ac_cv_prog_f77_v=-v
ac_cv_prog_fc_g=yes
ac_cv_prog_make_make_set=yes
ac_cv_prog_ranlib=ranlib
ac_cv_prog_wget='wget -O'
ac_cv_search_dfftw_execute_dft=-lfftw3
ac_cv_search_dgemm=-lmkl_intel_lp64
ac_cv_search_dspev='none required'
ac_cv_search_mpi_init='none required'
ac_cv_search_pdgemr2d=-lmkl_scalapack_lp64
ac_cv_sizeof_int_p=8

## ----------------- ##
## Output variables. ##
## ----------------- ##

CC='gcc'
CFLAGS='-O3'
CPP='gcc -E'
CPPFLAGS='-O3'
Configured for compilation of parallel executables.'
DEFS='-DHAVE_CONFIG_H'
ECHO_C=''
ECHO_N='-n'
ECHO_T=''
EGREP='/bin/grep -E'
EXEEXT=''
EXTLIB_FLAGS=''
F77='mpif90'
FC='mpif90'
FCFLAGS='-g -O2'
FCFLAGS_f90=''
FFLAGS='-O2 -assume byterecl -g -traceback  -nomodule'
FLIBS=' -L/opt/intel/mkl/10.1.3.027/lib/em64t -L/opt/intel/fce/11.1.038/lib/intel64 -L/opt/intel/fce/11.1.038/mkl/lib/em64t -L/usr/lib/gcc/x86_64-redhat-linux/4.1.2 -L/usr/lib/gcc/x86_64-redhat-linux/4.1.2/../../../../lib64 -L/lib/../lib64 -L/usr/lib/../lib64 -lgfortranbegin -lgfortran -lm'
GREP='/bin/grep'
LDFLAGS=''
LIBOBJS=''
LIBS='-lmkl_scalapack_lp64 -lmkl_blacs_lp64    -lmkl_intel_lp64  -lmkl_sequential -lmkl_core'
LTLIBOBJS=''
OBJEXT='o'
PACKAGE_BUGREPORT=''
PACKAGE_NAME='ESPRESSO'
PACKAGE_STRING='ESPRESSO 5.2.0'
PACKAGE_TARNAME='espresso'
PACKAGE_VERSION='5.2.0'
PATH_SEPARATOR=':'
SET_MAKE=''
SHELL='/bin/sh'
SIZEOF_INT_P='8'
ac_ct_CC=''
ac_ct_F77=''
ac_ct_FC='mpif90'
ar='ar'
arflags='ruv'
bindir='${exec_prefix}/bin'
blas_libs='  -lmkl_intel_lp64  -lmkl_sequential -lmkl_core'
blas_libs_switch='external'
blas_line='BLAS_LIBS=  -lmkl_intel_lp64  -lmkl_sequential -lmkl_core'
build='x86_64-unknown-linux-gnu'
build_alias=''
build_cpu='x86_64'
build_os='linux-gnu'
build_vendor='unknown'
cc='gcc'
cflags='-O3'
cpp='cpp'
cppflags='-P -C -traditional'
datadir='${datarootdir}'
datarootdir='${prefix}/share'
dflags=' -D__INTEL -D__FFTW3 -D__MPI -D__PARA -D__SCALAPACK'
docdir='${datarootdir}/doc/${PACKAGE_TARNAME}'
dvidir='${docdir}'
elpa_libs_switch='disabled'
exec_prefix='${prefix}'
extlib_flags=''
f77='gfortran'
f90='ifort'
f90flags='$(FFLAGS) -nomodule'
f90rule='$(MPIF90) $(F90FLAGS) -c $<'
fdflags='$(DFLAGS)'
fflags='-O2 -assume byterecl -g -traceback'
fflags_nomain='-nofor_main'
fflags_noopt='-O0 -assume byterecl -g -traceback'
fft_libs=' -lfftw3 '
fft_line='FFT_LIBS= -lfftw3 '
host_alias=''
htmldir='${docdir}'
iflags='-I../include'
imod='-I'
includedir='${prefix}/include'
infodir='${datarootdir}/info'
lapack_libs=''
lapack_libs_switch='external'
lapack_line='LAPACK_LIBS='
ld='mpif90'
ld_libs=''
ldflags='-static-intel '
libdir='${exec_prefix}/lib'
libexecdir='${exec_prefix}/libexec'
localedir='${datarootdir}/locale'
localstatedir='${prefix}/var'
mandir='${datarootdir}/man'
mass_libs=''
mass_line='@delete@'
mpi_libs=''
mpi_line='@delete@'
mpif90='mpif90'
oldincludedir='/usr/include'
parallel_report='Parallel environment detected successfully.\
pdfdir='${docdir}'
pre_fdflags='-fpp '
prefix='$(INSTALLDIR)'
program_transform_name='s,x,x,'
psdir='${docdir}'
ranlib='ranlib'
sbindir='${exec_prefix}/sbin'
scalapack_libs='-lmkl_scalapack_lp64 -lmkl_blacs_openmpi_lp64'
scalapack_line='SCALAPACK_LIBS=-lmkl_scalapack_lp64 -lmkl_blacs_openmpi_lp64'
sharedstatedir='${prefix}/com'
sysconfdir='${prefix}/etc'
target_alias=''
topdir='/home/rehnd/espresso'
wget='wget -O'

## ----------- ##
## confdefs.h. ##
## ----------- ##

#define PACKAGE_NAME "ESPRESSO"
#define PACKAGE_TARNAME "espresso"
#define PACKAGE_VERSION "5.2.0"
#define PACKAGE_STRING "ESPRESSO 5.2.0"
#define PACKAGE_BUGREPORT ""
#define STDC_HEADERS 1
#define HAVE_SYS_TYPES_H 1
#define HAVE_SYS_STAT_H 1
#define HAVE_STDLIB_H 1
#define HAVE_STRING_H 1
#define HAVE_MEMORY_H 1
#define HAVE_STRINGS_H 1
#define HAVE_INTTYPES_H 1
#define HAVE_STDINT_H 1
#define HAVE_UNISTD_H 1
#define SIZEOF_INT_P 8
#define HAVE_MALLINFO 1
#define F77_FUNC(name,NAME) name ## _
#define F77_FUNC_(name,NAME) name ## _

configure: exit 0
